INFO main com.desmond.ecommerce.impl.dao.UserDaoImpl - sss
INFO main com.desmond.ecommerce.impl.dao.UserDaoImpl - sss
INFO main com.desmond.ecommerce.impl.dao.UserDaoImpl - sss
ERROR main com.desmond.ecommerce.impl.dao.UserDaoImpl - sss
ERROR main com.desmond.ecommerce.impl.dao.UserDaoImpl - sss
ERROR main com.desmond.ecommerce.impl.dao.UserDaoImpl - sss
ERROR main com.desmond.ecommerce.impl.dao.UserDaoImpl - sss
ERROR main com.desmond.ecommerce.impl.dao.UserDaoImpl - sss
ERROR main com.desmond.ecommerce.impl.dao.UserDaoImpl - com.mysql.jdbc.exceptions.MySQLIntegrityConstraintViolationException: Duplicate entry '1' for key 'PRIMARY'
ERROR main com.desmond.ecommerce.impl.dao.UserDaoImpl - sss
ERROR main com.desmond.ecommerce.impl.dao.UserDaoImpl - ss
com.mysql.jdbc.exceptions.MySQLIntegrityConstraintViolationException: Duplicate entry '1' for key 'PRIMARY'
	at com.mysql.jdbc.SQLError.createSQLException(SQLError.java:931)
	at com.mysql.jdbc.MysqlIO.checkErrorPacket(MysqlIO.java:2985)
	at com.mysql.jdbc.MysqlIO.sendCommand(MysqlIO.java:1631)
	at com.mysql.jdbc.MysqlIO.sqlQueryDirect(MysqlIO.java:1723)
	at com.mysql.jdbc.Connection.execSQL(Connection.java:3256)
	at com.mysql.jdbc.PreparedStatement.executeInternal(PreparedStatement.java:1313)
	at com.mysql.jdbc.PreparedStatement.executeUpdate(PreparedStatement.java:1585)
	at com.mysql.jdbc.PreparedStatement.executeUpdate(PreparedStatement.java:1500)
	at com.mysql.jdbc.PreparedStatement.executeUpdate(PreparedStatement.java:1485)
	at com.desmond.ecommerce.impl.dao.UserDaoImpl.regist(UserDaoImpl.java:38)
	at com.desmond.ecommerce.impl.dao.UserDaoImpl.main(UserDaoImpl.java:238)
ERROR main com.desmond.ecommerce.impl.dao.UserDaoImpl - sss
ERROR main com.desmond.ecommerce.impl.dao.UserDaoImpl - com.mysql.jdbc.exceptions.MySQLIntegrityConstraintViolationException: Duplicate entry '1' for key 'PRIMARY'
